<?xml version="1.0" encoding="UTF-8"?>
<testng-results ignored="0" total="1" passed="1" failed="0" skipped="0">
  <reporter-output>
  </reporter-output>
  <suite started-at="2024-02-14T15:00:40 IST" name="Default suite" finished-at="2024-02-14T15:00:59 IST" duration-ms="18297">
    <groups>
    </groups>
    <test started-at="2024-02-14T15:00:40 IST" name="Default test" finished-at="2024-02-14T15:00:59 IST" duration-ms="18297">
      <class name="com.smartData.TestCases.DemoTC">
        <test-method is-config="true" signature="Reportsetup()[pri:0, instance:com.smartData.TestCases.DemoTC@285f38f6]" started-at="2024-02-14T15:00:40 IST" name="Reportsetup" finished-at="2024-02-14T15:00:40 IST" duration-ms="67" status="PASS">
          <reporter-output>
          </reporter-output>
        </test-method> <!-- Reportsetup -->
        <test-method signature="demo()[pri:0, instance:com.smartData.TestCases.DemoTC@285f38f6]" started-at="2024-02-14T15:00:41 IST" name="demo" finished-at="2024-02-14T15:00:58 IST" duration-ms="17630" status="PASS">
          <reporter-output>
          </reporter-output>
        </test-method> <!-- demo -->
        <test-method is-config="true" signature="getReport(org.testng.ITestResult)[pri:0, instance:com.smartData.TestCases.DemoTC@285f38f6]" started-at="2024-02-14T15:00:58 IST" name="getReport" finished-at="2024-02-14T15:00:58 IST" duration-ms="111" status="PASS">
          <params>
            <param index="0">
              <value>
                <![CDATA[[TestResult name=demo status=SUCCESS method=DemoTC.demo()[pri:0, instance:com.smartData.TestCases.DemoTC@285f38f6] output={null}]]]>
              </value>
            </param>
          </params>
          <reporter-output>
          </reporter-output>
        </test-method> <!-- getReport -->
        <test-method is-config="true" signature="endTest()[pri:0, instance:com.smartData.TestCases.DemoTC@285f38f6]" started-at="2024-02-14T15:00:58 IST" name="endTest" finished-at="2024-02-14T15:00:59 IST" duration-ms="422" status="PASS">
          <reporter-output>
          </reporter-output>
        </test-method> <!-- endTest -->
      </class> <!-- com.smartData.TestCases.DemoTC -->
    </test> <!-- Default test -->
  </suite> <!-- Default suite -->
</testng-results>
